1;ILE_9_G;I;120.34;87.2;1;L
2;PHE_10_G;F;43.87;26.7;1;L
3;CYS_11_G;C;11.90;12.3;2;L
4;ARG_12_G;R;68.56;34.1;1;L
5;LYS_13_G;K;101.82;62.4;1;L
6;GLN_14_G;Q;141.15;100.1;1;L
7;ALA_15_G;A;24.69;35.6;1;L
8;GLY_16_G;G;15.55;48.1;1;L
9;VAL_17_G;V;118.44;103.6;0;L
10;ALA_18_G;A;17.74;25.6;1;E
11;ILE_19_G;I;63.17;45.8;0;E
12;GLY_20_G;G;0.27;0.8;0;L
13;ARG_21_G;R;75.13;37.3;0;E
14;LEU_22_G;L;4.24;3.0;0;E
15;CYS_23_G;C;10.47;10.8;0;L
16;GLU_24_G;E;60.51;44.9;0;L
17;LYS_25_G;K;69.55;42.6;0;T
18;CYS_26_G;C;13.64;14.1;0;T
19;ASP_27_G;D;60.05;58.5;0;L
20;GLY_28_G;G;26.24;81.2;0;L
21;LYS_29_G;K;36.44;22.3;0;L
22;CYS_30_G;C;1.50;1.6;0;L
23;VAL_31_G;V;0.00;0.0;0;T
24;ILE_32_G;I;15.16;11.0;0;T
25;CYS_33_G;C;40.20;41.6;0;T
26;ASP_34_G;D;65.93;64.2;0;L
27;SER_35_G;S;28.67;36.7;0;L
28;TYR_36_G;Y;135.11;76.2;0;L